0 info it worked if it ends with ok
1 verbose cli [ 'C:\\Program Files\\nodejs\\node.exe',
1 verbose cli   'C:\\Program Files\\nodejs\\node_modules\\npm\\bin\\npm-cli.js',
1 verbose cli   'run-script',
1 verbose cli   'start' ]
2 info using npm@4.1.2
3 info using node@v7.7.4
4 verbose run-script [ 'prestart', 'start', 'poststart' ]
5 info lifecycle node-js-getting-started@0.2.5~prestart: node-js-getting-started@0.2.5
6 silly lifecycle node-js-getting-started@0.2.5~prestart: no script for prestart, continuing
7 info lifecycle node-js-getting-started@0.2.5~start: node-js-getting-started@0.2.5
8 verbose lifecycle node-js-getting-started@0.2.5~start: unsafe-perm in lifecycle true
9 verbose lifecycle node-js-getting-started@0.2.5~start: PATH: C:\Program Files\nodejs\node_modules\npm\bin\node-gyp-bin;C:\Users\welly\Documents\GitHub\LINE\LINE_TEST\node_modules\.bin;C:\ProgramData\Oracle\Java\javapath;C:\WINDOWS\system32;C:\WINDOWS;C:\WINDOWS\System32\Wbem;C:\WINDOWS\System32\WindowsPowerShell\v1.0\;D:\wamp64\bin\php\php7.0.10;C:\ProgramData\ComposerSetup\bin;C:\Program Files\nodejs\;C:\Program Files\Git\cmd;C:\Users\welly\AppData\Local\Microsoft\WindowsApps;C:\Users\welly\AppData\Roaming\Composer\vendor\bin;C:\Users\welly\AppData\Roaming\npm;C:\Program Files\Heroku\bin
10 verbose lifecycle node-js-getting-started@0.2.5~start: CWD: C:\Users\welly\Documents\GitHub\LINE\LINE_TEST
11 silly lifecycle node-js-getting-started@0.2.5~start: Args: [ '/d /s /c', 'node index.js' ]
12 silly lifecycle node-js-getting-started@0.2.5~start: Returned: code: 1  signal: null
13 info lifecycle node-js-getting-started@0.2.5~start: Failed to exec start script
14 verbose stack Error: node-js-getting-started@0.2.5 start: `node index.js`
14 verbose stack Exit status 1
14 verbose stack     at EventEmitter.<anonymous> (C:\Program Files\nodejs\node_modules\npm\lib\utils\lifecycle.js:279:16)
14 verbose stack     at emitTwo (events.js:106:13)
14 verbose stack     at EventEmitter.emit (events.js:194:7)
14 verbose stack     at ChildProcess.<anonymous> (C:\Program Files\nodejs\node_modules\npm\lib\utils\spawn.js:40:14)
14 verbose stack     at emitTwo (events.js:106:13)
14 verbose stack     at ChildProcess.emit (events.js:194:7)
14 verbose stack     at maybeClose (internal/child_process.js:899:16)
14 verbose stack     at Process.ChildProcess._handle.onexit (internal/child_process.js:226:5)
15 verbose pkgid node-js-getting-started@0.2.5
16 verbose cwd C:\Users\welly\Documents\GitHub\LINE\LINE_TEST
17 error Windows_NT 10.0.14393
18 error argv "C:\\Program Files\\nodejs\\node.exe" "C:\\Program Files\\nodejs\\node_modules\\npm\\bin\\npm-cli.js" "run-script" "start"
19 error node v7.7.4
20 error npm  v4.1.2
21 error code ELIFECYCLE
22 error node-js-getting-started@0.2.5 start: `node index.js`
22 error Exit status 1
23 error Failed at the node-js-getting-started@0.2.5 start script 'node index.js'.
23 error Make sure you have the latest version of node.js and npm installed.
23 error If you do, this is most likely a problem with the node-js-getting-started package,
23 error not with npm itself.
23 error Tell the author that this fails on your system:
23 error     node index.js
23 error You can get information on how to open an issue for this project with:
23 error     npm bugs node-js-getting-started
23 error Or if that isn't available, you can get their info via:
23 error     npm owner ls node-js-getting-started
23 error There is likely additional logging output above.
24 verbose exit [ 1, true ]
